build/outputs/logs/manifest-merger-debug-report.txt
-- Merging decision tree log ---
manifest
ADDED from byteera/ByteEra/AndroidManifest.xml:1:1-296:12
	xmlns:tools
		ADDED from byteera/ByteEra/AndroidManifest.xml:2:5-51
	xmlns:android
		ADDED from byteera/ByteEra/AndroidManifest.xml:1:11-69
	package
		ADDED from byteera/ByteEra/AndroidManifest.xml:3:5-33
		INJECTED from byteera/ByteEra/AndroidManifest.xml
		INJECTED from byteera/ByteEra/AndroidManifest.xml
	android:versionName
		INJECTED from byteera/ByteEra/AndroidManifest.xml
		INJECTED from byteera/ByteEra/AndroidManifest.xml
	android:versionCode
		INJECTED from byteera/ByteEra/AndroidManifest.xml
		INJECTED from byteera/ByteEra/AndroidManifest.xml
uses-sdk
ADDED from byteera/ByteEra/AndroidManifest.xml:5:5-7:41
MERGED from [com.android.support:multidex:1.0.1] AndroidManifest.xml:18:5-42
MERGED from [de.hdodenhof:circleimageview:1.3.0] AndroidManifest.xml:5:5-7:41
MERGED from [com.android.support:design:22.2.0] AndroidManifest.xml:20:5-43
MERGED from [com.android.support:appcompat-v7:22.2.1] AndroidManifest.xml:20:5-43
MERGED from [com.android.support:support-v4:22.2.1] AndroidManifest.xml:20:5-43
MERGED from [com.android.support:support-v4:22.2.1] AndroidManifest.xml:20:5-43
MERGED from [com.android.support:appcompat-v7:22.2.1] AndroidManifest.xml:20:5-43
MERGED from [com.android.support:support-v4:22.2.1] AndroidManifest.xml:20:5-43
MERGED from [com.android.support:cardview-v7:22.2.1] AndroidManifest.xml:20:5-43
MERGED from [com.github.recruit-lifestyle:WaveSwipeRefreshLayout:1.6] AndroidManifest.xml:8:5-10:41
MERGED from [com.android.support:appcompat-v7:22.2.1] AndroidManifest.xml:20:5-43
MERGED from [com.android.support:support-v4:22.2.1] AndroidManifest.xml:20:5-43
MERGED from [com.github.zzz40500:AndroidSweetSheet:1.1.0] AndroidManifest.xml:7:5-9:41
MERGED from [com.android.support:appcompat-v7:22.2.1] AndroidManifest.xml:20:5-43
MERGED from [com.android.support:support-v4:22.2.1] AndroidManifest.xml:20:5-43
MERGED from [com.android.support:recyclerview-v7:22.2.0] AndroidManifest.xml:20:5-43
MERGED from [com.android.support:support-v4:22.2.1] AndroidManifest.xml:20:5-43
MERGED from [me.drakeet.materialdialog:library:1.2.2] AndroidManifest.xml:8:5-10:41
MERGED from [ch.acra:acra:4.7.0] AndroidManifest.xml:37:5-72
MERGED from [com.orhanobut:logger:1.11] AndroidManifest.xml:8:5-10:41
	android:targetSdkVersion
		ADDED from byteera/ByteEra/AndroidManifest.xml:7:9-38
		INJECTED from byteera/ByteEra/AndroidManifest.xml
		INJECTED from byteera/ByteEra/AndroidManifest.xml
	android:minSdkVersion
		ADDED from byteera/ByteEra/AndroidManifest.xml:6:9-35
		INJECTED from byteera/ByteEra/AndroidManifest.xml
		INJECTED from byteera/ByteEra/AndroidManifest.xml
permission#com.zhicai.byteera.permission.JPUSH_MESSAGE
ADDED from byteera/ByteEra/AndroidManifest.xml:8:5-114
	android:protectionLevel
		ADDED from byteera/ByteEra/AndroidManifest.xml:8:76-111
	android:name
		ADDED from byteera/ByteEra/AndroidManifest.xml:8:17-75
uses-permission#com.zhicai.byteera.permission.JPUSH_MESSAGE
ADDED from byteera/ByteEra/AndroidManifest.xml:9:5-83
	android:name
		ADDED from byteera/ByteEra/AndroidManifest.xml:9:22-80
uses-permission#android.permission.RECORD_AUDIO
ADDED from byteera/ByteEra/AndroidManifest.xml:11:5-71
	android:name
		ADDED from byteera/ByteEra/AndroidManifest.xml:11:22-68
uses-permission#android.permission.CAMERA
ADDED from byteera/ByteEra/AndroidManifest.xml:12:5-65
	android:name
		ADDED from byteera/ByteEra/AndroidManifest.xml:12:22-62
uses-permission#android.permission.GET_TASKS
ADDED from byteera/ByteEra/AndroidManifest.xml:13:5-68
	android:name
		ADDED from byteera/ByteEra/AndroidManifest.xml:13:22-65
uses-permission#android.permission.MANAGE_DOCUMENTS
ADDED from byteera/ByteEra/AndroidManifest.xml:14:5-75
	android:name
		ADDED from byteera/ByteEra/AndroidManifest.xml:14:22-72
uses-permission#android.permission.MODIFY_AUDIO_SETTINGS
ADDED from byteera/ByteEra/AndroidManifest.xml:15:5-80
	android:name
		ADDED from byteera/ByteEra/AndroidManifest.xml:15:22-77
uses-permission#android.permission.RECEIVE_BOOT_COMPLETED
ADDED from byteera/ByteEra/AndroidManifest.xml:16:5-81
	android:name
		ADDED from byteera/ByteEra/AndroidManifest.xml:16:22-78
uses-permission#android.permission.BAIDU_LOCATION_SERVICE
ADDED from byteera/ByteEra/AndroidManifest.xml:17:5-81
	android:name
		ADDED from byteera/ByteEra/AndroidManifest.xml:17:22-78
uses-permission#android.permission.RECEIVE_SMS
ADDED from byteera/ByteEra/AndroidManifest.xml:18:5-70
	android:name
		ADDED from byteera/ByteEra/AndroidManifest.xml:18:22-67
uses-permission#android.permission.RECEIVE_USER_PRESENT
ADDED from byteera/ByteEra/AndroidManifest.xml:22:5-79
	android:name
		ADDED from byteera/ByteEra/AndroidManifest.xml:22:22-76
uses-permission#android.permission.INTERNET
ADDED from byteera/ByteEra/AndroidManifest.xml:23:5-67
	android:name
		ADDED from byteera/ByteEra/AndroidManifest.xml:23:22-64
uses-permission#android.permission.WAKE_LOCK
ADDED from byteera/ByteEra/AndroidManifest.xml:24:5-68
	android:name
		ADDED from byteera/ByteEra/AndroidManifest.xml:24:22-65
uses-permission#android.permission.READ_PHONE_STATE
ADDED from byteera/ByteEra/AndroidManifest.xml:25:5-75
	android:name
		ADDED from byteera/ByteEra/AndroidManifest.xml:25:22-72
uses-permission#android.permission.WRITE_EXTERNAL_STORAGE
ADDED from byteera/ByteEra/AndroidManifest.xml:26:5-81
	android:name
		ADDED from byteera/ByteEra/AndroidManifest.xml:26:22-78
uses-permission#android.permission.READ_EXTERNAL_STORAGE
ADDED from byteera/ByteEra/AndroidManifest.xml:27:5-80
	android:name
		ADDED from byteera/ByteEra/AndroidManifest.xml:27:22-77
uses-permission#android.permission.VIBRATE
ADDED from byteera/ByteEra/AndroidManifest.xml:28:5-66
	android:name
		ADDED from byteera/ByteEra/AndroidManifest.xml:28:22-63
uses-permission#android.permission.MOUNT_UNMOUNT_FILESYSTEMS
ADDED from byteera/ByteEra/AndroidManifest.xml:29:5-84
	android:name
		ADDED from byteera/ByteEra/AndroidManifest.xml:29:22-81
uses-permission#android.permission.ACCESS_NETWORK_STATE
ADDED from byteera/ByteEra/AndroidManifest.xml:30:5-79
	android:name
		ADDED from byteera/ByteEra/AndroidManifest.xml:30:22-76
uses-permission#android.permission.WRITE_SETTINGS
ADDED from byteera/ByteEra/AndroidManifest.xml:31:5-73
	android:name
		ADDED from byteera/ByteEra/AndroidManifest.xml:31:22-70
uses-permission#android.permission.ACCESS_COARSE_LOCATION
ADDED from byteera/ByteEra/AndroidManifest.xml:34:5-81
	android:name
		ADDED from byteera/ByteEra/AndroidManifest.xml:34:22-78
uses-permission#android.permission.ACCESS_WIFI_STATE
ADDED from byteera/ByteEra/AndroidManifest.xml:35:5-76
	android:name
		ADDED from byteera/ByteEra/AndroidManifest.xml:35:22-73
uses-permission#android.permission.CHANGE_WIFI_STATE
ADDED from byteera/ByteEra/AndroidManifest.xml:36:5-76
	android:name
		ADDED from byteera/ByteEra/AndroidManifest.xml:36:22-73
uses-permission#android.permission.ACCESS_FINE_LOCATION
ADDED from byteera/ByteEra/AndroidManifest.xml:37:5-79
	android:name
		ADDED from byteera/ByteEra/AndroidManifest.xml:37:22-76
uses-permission#android.permission.ACCESS_LOCATION_EXTRA_COMMANDS
ADDED from byteera/ByteEra/AndroidManifest.xml:38:5-89
	android:name
		ADDED from byteera/ByteEra/AndroidManifest.xml:38:22-86
uses-permission#android.permission.CHANGE_NETWORK_STATE
ADDED from byteera/ByteEra/AndroidManifest.xml:39:5-79
	android:name
		ADDED from byteera/ByteEra/AndroidManifest.xml:39:22-76
uses-permission#android.permission.MANAGE_ACCOUNTS
ADDED from byteera/ByteEra/AndroidManifest.xml:41:5-74
	android:name
		ADDED from byteera/ByteEra/AndroidManifest.xml:41:22-71
uses-permission#android.permission.GET_ACCOUNTS
ADDED from byteera/ByteEra/AndroidManifest.xml:42:5-71
	android:name
		ADDED from byteera/ByteEra/AndroidManifest.xml:42:22-68
uses-permission#android.permission.BLUETOOTH
ADDED from byteera/ByteEra/AndroidManifest.xml:43:5-68
	android:name
		ADDED from byteera/ByteEra/AndroidManifest.xml:43:22-65
uses-permission#android.permission.BLUETOOTH_ADMIN
ADDED from byteera/ByteEra/AndroidManifest.xml:44:5-74
	android:name
		ADDED from byteera/ByteEra/AndroidManifest.xml:44:22-71
uses-permission#android.permission.READ_LOGS
ADDED from byteera/ByteEra/AndroidManifest.xml:46:5-67
	android:name
		ADDED from byteera/ByteEra/AndroidManifest.xml:46:22-65
permission#android.permission.BAIDU_LOCATION_SERVICE
ADDED from byteera/ByteEra/AndroidManifest.xml:48:5-76
	android:name
		ADDED from byteera/ByteEra/AndroidManifest.xml:48:17-73
application
ADDED from byteera/ByteEra/AndroidManifest.xml:50:5-295:19
MERGED from [de.hdodenhof:circleimageview:1.3.0] AndroidManifest.xml:9:5-20
MERGED from [com.android.support:design:22.2.0] AndroidManifest.xml:22:5-20
MERGED from [com.android.support:appcompat-v7:22.2.1] AndroidManifest.xml:22:5-20
MERGED from [com.android.support:support-v4:22.2.1] AndroidManifest.xml:22:5-20
MERGED from [com.android.support:support-v4:22.2.1] AndroidManifest.xml:22:5-20
MERGED from [com.android.support:appcompat-v7:22.2.1] AndroidManifest.xml:22:5-20
MERGED from [com.android.support:support-v4:22.2.1] AndroidManifest.xml:22:5-20
MERGED from [com.android.support:cardview-v7:22.2.1] AndroidManifest.xml:22:5-20
MERGED from [com.android.support:appcompat-v7:22.2.1] AndroidManifest.xml:22:5-20
MERGED from [com.android.support:support-v4:22.2.1] AndroidManifest.xml:22:5-20
MERGED from [com.android.support:appcompat-v7:22.2.1] AndroidManifest.xml:22:5-20
MERGED from [com.android.support:support-v4:22.2.1] AndroidManifest.xml:22:5-20
MERGED from [com.android.support:support-v4:22.2.1] AndroidManifest.xml:22:5-20
	android:label
		ADDED from byteera/ByteEra/AndroidManifest.xml:54:9-41
	android:allowBackup
		ADDED from byteera/ByteEra/AndroidManifest.xml:52:9-35
	android:icon
		ADDED from byteera/ByteEra/AndroidManifest.xml:53:9-44
	android:theme
		ADDED from byteera/ByteEra/AndroidManifest.xml:55:9-44
	tools:replace
		ADDED from byteera/ByteEra/AndroidManifest.xml:56:9-51
	android:name
		ADDED from byteera/ByteEra/AndroidManifest.xml:51:9-30
uses-library#android.test.runner
ADDED from byteera/ByteEra/AndroidManifest.xml:57:9-60
	android:name
		ADDED from byteera/ByteEra/AndroidManifest.xml:57:23-57
activity#com.zhicai.byteera.activity.SelectAddressActivity
ADDED from byteera/ByteEra/AndroidManifest.xml:59:9-60:20
	android:name
		ADDED from byteera/ByteEra/AndroidManifest.xml:59:19-65
activity#com.zhicai.byteera.activity.WelcomeActivity
ADDED from byteera/ByteEra/AndroidManifest.xml:61:9-66:20
	android:name
		ADDED from byteera/ByteEra/AndroidManifest.xml:61:19-59
intent-filter#android.intent.action.MAIN+android.intent.category.LAUNCHER
ADDED from byteera/ByteEra/AndroidManifest.xml:62:13-65:29
action#android.intent.action.MAIN
ADDED from byteera/ByteEra/AndroidManifest.xml:63:17-69
	android:name
		ADDED from byteera/ByteEra/AndroidManifest.xml:63:25-66
category#android.intent.category.LAUNCHER
ADDED from byteera/ByteEra/AndroidManifest.xml:64:17-77
	android:name
		ADDED from byteera/ByteEra/AndroidManifest.xml:64:27-74
activity#com.zhicai.byteera.activity.initialize.GuideActivity
ADDED from byteera/ByteEra/AndroidManifest.xml:67:9-71
	android:name
		ADDED from byteera/ByteEra/AndroidManifest.xml:67:19-68
activity#com.zhicai.byteera.activity.MainActivity
ADDED from byteera/ByteEra/AndroidManifest.xml:69:9-111
	android:windowSoftInputMode
		ADDED from byteera/ByteEra/AndroidManifest.xml:69:57-108
	android:name
		ADDED from byteera/ByteEra/AndroidManifest.xml:69:19-56
activity#com.zhicai.byteera.activity.initialize.LoginActivity
ADDED from byteera/ByteEra/AndroidManifest.xml:70:9-71
	android:name
		ADDED from byteera/ByteEra/AndroidManifest.xml:70:19-68
activity#com.zhicai.byteera.activity.initialize.SettingActivity
ADDED from byteera/ByteEra/AndroidManifest.xml:71:9-73
	android:name
		ADDED from byteera/ByteEra/AndroidManifest.xml:71:19-70
activity#com.zhicai.byteera.activity.initialize.AboutUSActivity
ADDED from byteera/ByteEra/AndroidManifest.xml:72:9-73
	android:name
		ADDED from byteera/ByteEra/AndroidManifest.xml:72:19-70
activity#com.zhicai.byteera.activity.initialize.RegisterActivity
ADDED from byteera/ByteEra/AndroidManifest.xml:73:9-74
	android:name
		ADDED from byteera/ByteEra/AndroidManifest.xml:73:19-71
activity#com.zhicai.byteera.activity.community.dynamic.activity.PublishDynamicActivity
ADDED from byteera/ByteEra/AndroidManifest.xml:74:9-96
	android:name
		ADDED from byteera/ByteEra/AndroidManifest.xml:74:19-93
activity#com.zhicai.byteera.activity.community.dynamic.activity.AlbumActivity
ADDED from byteera/ByteEra/AndroidManifest.xml:75:9-87
	android:name
		ADDED from byteera/ByteEra/AndroidManifest.xml:75:19-84
activity#com.zhicai.byteera.activity.community.dynamic.activity.GalleryActivity
ADDED from byteera/ByteEra/AndroidManifest.xml:76:9-89
	android:name
		ADDED from byteera/ByteEra/AndroidManifest.xml:76:19-86
activity#com.zhicai.byteera.activity.community.dynamic.activity.ImageFileActivity
ADDED from byteera/ByteEra/AndroidManifest.xml:77:9-91
	android:name
		ADDED from byteera/ByteEra/AndroidManifest.xml:77:19-88
activity#com.zhicai.byteera.activity.myhome.activity.ModifyUserInfoActivity
ADDED from byteera/ByteEra/AndroidManifest.xml:78:9-85
	android:name
		ADDED from byteera/ByteEra/AndroidManifest.xml:78:19-82
activity#com.zhicai.byteera.activity.myhome.activity.ChangeNickNameActivity
ADDED from byteera/ByteEra/AndroidManifest.xml:79:9-85
	android:name
		ADDED from byteera/ByteEra/AndroidManifest.xml:79:19-82
activity#com.zhicai.byteera.activity.community.dynamic.activity.ShowAllPhotoActivity
ADDED from byteera/ByteEra/AndroidManifest.xml:80:9-94
	android:name
		ADDED from byteera/ByteEra/AndroidManifest.xml:80:19-91
activity#com.zhicai.byteera.activity.knowwealth.view.KnowWealthDetailCommentActivity
ADDED from byteera/ByteEra/AndroidManifest.xml:81:9-83:58
	android:windowSoftInputMode
		ADDED from byteera/ByteEra/AndroidManifest.xml:83:13-55
	android:name
		ADDED from byteera/ByteEra/AndroidManifest.xml:82:13-85
activity#com.zhicai.byteera.activity.community.dynamic.activity.DynamicCommentDetailActivity
ADDED from byteera/ByteEra/AndroidManifest.xml:84:9-86:58
	android:windowSoftInputMode
		ADDED from byteera/ByteEra/AndroidManifest.xml:86:13-55
	android:name
		ADDED from byteera/ByteEra/AndroidManifest.xml:85:13-93
activity#com.zhicai.byteera.activity.myhome.activity.SelectCityAcitivity
ADDED from byteera/ByteEra/AndroidManifest.xml:87:9-82
	android:name
		ADDED from byteera/ByteEra/AndroidManifest.xml:87:19-79
activity#com.zhicai.byteera.activity.myhome.activity.ChangePwdActivity
ADDED from byteera/ByteEra/AndroidManifest.xml:88:9-80
	android:name
		ADDED from byteera/ByteEra/AndroidManifest.xml:88:19-77
activity#com.zhicai.byteera.activity.myhome.activity.ChangeCardActivity
ADDED from byteera/ByteEra/AndroidManifest.xml:89:9-81
	android:name
		ADDED from byteera/ByteEra/AndroidManifest.xml:89:19-78
activity#com.zhicai.byteera.activity.myhome.activity.MyShoucangActivity
ADDED from byteera/ByteEra/AndroidManifest.xml:90:9-81
	android:name
		ADDED from byteera/ByteEra/AndroidManifest.xml:90:19-78
activity#com.zhicai.byteera.activity.myhome.activity.MyDynamicActivity
ADDED from byteera/ByteEra/AndroidManifest.xml:91:9-80
	android:name
		ADDED from byteera/ByteEra/AndroidManifest.xml:91:19-77
activity#com.zhicai.byteera.activity.initialize.UserProtocolActivity
ADDED from byteera/ByteEra/AndroidManifest.xml:92:9-78
	android:name
		ADDED from byteera/ByteEra/AndroidManifest.xml:92:19-75
activity#com.zhicai.byteera.activity.myhome.activity.MyFriendsActivity
ADDED from byteera/ByteEra/AndroidManifest.xml:93:9-80
	android:name
		ADDED from byteera/ByteEra/AndroidManifest.xml:93:19-77
activity#com.zhicai.byteera.activity.myhome.activity.MyCaiBiActivity
ADDED from byteera/ByteEra/AndroidManifest.xml:94:9-78
	android:name
		ADDED from byteera/ByteEra/AndroidManifest.xml:94:19-75
activity#com.zhicai.byteera.activity.myhome.activity.MyFansActivity
ADDED from byteera/ByteEra/AndroidManifest.xml:95:9-77
	android:name
		ADDED from byteera/ByteEra/AndroidManifest.xml:95:19-74
activity#com.zhicai.byteera.activity.myhome.activity.MyFocusActivity
ADDED from byteera/ByteEra/AndroidManifest.xml:96:9-78
	android:name
		ADDED from byteera/ByteEra/AndroidManifest.xml:96:19-75
activity#com.zhicai.byteera.activity.community.dynamic.activity.UserFocusActivity
ADDED from byteera/ByteEra/AndroidManifest.xml:97:9-91
	android:name
		ADDED from byteera/ByteEra/AndroidManifest.xml:97:19-88
activity#com.zhicai.byteera.activity.community.dynamic.activity.UserFansActivity
ADDED from byteera/ByteEra/AndroidManifest.xml:98:9-90
	android:name
		ADDED from byteera/ByteEra/AndroidManifest.xml:98:19-87
activity#com.zhicai.byteera.activity.myhome.activity.MyTixianActivity
ADDED from byteera/ByteEra/AndroidManifest.xml:99:9-79
	android:name
		ADDED from byteera/ByteEra/AndroidManifest.xml:99:19-76
activity#com.zhicai.byteera.activity.message.SelectAddressActivity
ADDED from byteera/ByteEra/AndroidManifest.xml:100:9-76
	android:name
		ADDED from byteera/ByteEra/AndroidManifest.xml:100:19-73
activity#com.zhicai.byteera.activity.community.dynamic.activity.ImagePagerActivity
ADDED from byteera/ByteEra/AndroidManifest.xml:101:9-92
	android:name
		ADDED from byteera/ByteEra/AndroidManifest.xml:101:19-89
activity#com.zhicai.byteera.activity.community.topic.actiivty.TopicDetailActivity
ADDED from byteera/ByteEra/AndroidManifest.xml:102:9-91
	android:name
		ADDED from byteera/ByteEra/AndroidManifest.xml:102:19-88
activity#com.zhicai.byteera.activity.community.topic.actiivty.TopicActivity
ADDED from byteera/ByteEra/AndroidManifest.xml:103:9-84
	android:name
		ADDED from byteera/ByteEra/AndroidManifest.xml:103:19-82
activity#com.zhicai.byteera.activity.knowwealth.view.WebViewActivity
ADDED from byteera/ByteEra/AndroidManifest.xml:104:9-78
	android:name
		ADDED from byteera/ByteEra/AndroidManifest.xml:104:19-75
activity#com.zhicai.byteera.activity.community.group.AllGroupActivity
ADDED from byteera/ByteEra/AndroidManifest.xml:105:9-79
	android:name
		ADDED from byteera/ByteEra/AndroidManifest.xml:105:19-76
activity#com.zhicai.byteera.activity.community.group.SelelctGroupActivity
ADDED from byteera/ByteEra/AndroidManifest.xml:106:9-83
	android:name
		ADDED from byteera/ByteEra/AndroidManifest.xml:106:19-80
activity#com.zhicai.byteera.activity.community.topic.actiivty.MoreTopicActivity
ADDED from byteera/ByteEra/AndroidManifest.xml:107:9-89
	android:name
		ADDED from byteera/ByteEra/AndroidManifest.xml:107:19-86
activity#com.zhicai.byteera.activity.community.group.MyGroupActivity
ADDED from byteera/ByteEra/AndroidManifest.xml:108:9-78
	android:name
		ADDED from byteera/ByteEra/AndroidManifest.xml:108:19-75
activity#com.zhicai.byteera.activity.community.dynamic.activity.AdditionActivity
ADDED from byteera/ByteEra/AndroidManifest.xml:109:9-90
	android:name
		ADDED from byteera/ByteEra/AndroidManifest.xml:109:19-87
activity#com.zhicai.byteera.activity.community.topic.actiivty.PublishOpinionActivity
ADDED from byteera/ByteEra/AndroidManifest.xml:110:9-112:57
	android:windowSoftInputMode
		ADDED from byteera/ByteEra/AndroidManifest.xml:112:13-54
	android:name
		ADDED from byteera/ByteEra/AndroidManifest.xml:111:13-85
activity#com.zhicai.byteera.activity.community.topic.actiivty.InstitutionListActivity
ADDED from byteera/ByteEra/AndroidManifest.xml:113:9-115:57
	android:windowSoftInputMode
		ADDED from byteera/ByteEra/AndroidManifest.xml:115:13-54
	android:name
		ADDED from byteera/ByteEra/AndroidManifest.xml:114:13-86
activity#com.zhicai.byteera.activity.community.dynamic.activity.OrganizationInfoActivity
ADDED from byteera/ByteEra/AndroidManifest.xml:116:9-98
	android:name
		ADDED from byteera/ByteEra/AndroidManifest.xml:116:19-95
activity#com.zhicai.byteera.activity.community.dynamic.activity.UserHomeActivity
ADDED from byteera/ByteEra/AndroidManifest.xml:117:9-90
	android:name
		ADDED from byteera/ByteEra/AndroidManifest.xml:117:19-87
activity#com.zhicai.byteera.activity.community.dynamic.activity.OrganizationHomeActivity
ADDED from byteera/ByteEra/AndroidManifest.xml:118:9-98
	android:name
		ADDED from byteera/ByteEra/AndroidManifest.xml:118:19-95
activity#com.zhicai.byteera.activity.community.dynamic.activity.GroupHomeActivity
ADDED from byteera/ByteEra/AndroidManifest.xml:119:9-91
	android:name
		ADDED from byteera/ByteEra/AndroidManifest.xml:119:19-88
activity#com.zhicai.byteera.activity.community.dynamic.activity.GroupHomeSecondActivity
ADDED from byteera/ByteEra/AndroidManifest.xml:120:9-97
	android:name
		ADDED from byteera/ByteEra/AndroidManifest.xml:120:19-94
activity#com.zhicai.byteera.activity.community.dynamic.activity.RatingActivity
ADDED from byteera/ByteEra/AndroidManifest.xml:121:9-88
	android:name
		ADDED from byteera/ByteEra/AndroidManifest.xml:121:19-85
activity#com.zhicai.byteera.activity.knowwealth.view.KnowWealthDetailCommentActivity2
ADDED from byteera/ByteEra/AndroidManifest.xml:122:9-124:58
	android:windowSoftInputMode
		ADDED from byteera/ByteEra/AndroidManifest.xml:124:13-55
	android:name
		ADDED from byteera/ByteEra/AndroidManifest.xml:123:13-86
activity#com.zhicai.byteera.activity.shouyi.InComeConditionActivity
ADDED from byteera/ByteEra/AndroidManifest.xml:127:9-77
	android:name
		ADDED from byteera/ByteEra/AndroidManifest.xml:127:19-74
activity#com.zhicai.byteera.activity.community.dynamic.activity.exchangerecord.CoinStoreActivity
ADDED from byteera/ByteEra/AndroidManifest.xml:130:9-106
	android:name
		ADDED from byteera/ByteEra/AndroidManifest.xml:130:19-103
activity#com.zhicai.byteera.activity.community.dynamic.activity.exchangerecord.ExchangeRecordList
ADDED from byteera/ByteEra/AndroidManifest.xml:131:9-107
	android:name
		ADDED from byteera/ByteEra/AndroidManifest.xml:131:19-104
activity#com.zhicai.byteera.activity.community.dynamic.activity.exchangerecord.ExchangeActivity
ADDED from byteera/ByteEra/AndroidManifest.xml:132:9-134:57
	android:theme
		ADDED from byteera/ByteEra/AndroidManifest.xml:134:13-54
	android:name
		ADDED from byteera/ByteEra/AndroidManifest.xml:133:13-96
activity#com.zhicai.byteera.activity.message.ChatActivity
ADDED from byteera/ByteEra/AndroidManifest.xml:137:9-67
	android:name
		ADDED from byteera/ByteEra/AndroidManifest.xml:137:19-64
activity#com.zhicai.byteera.activity.message.AlertDialogActivity
ADDED from byteera/ByteEra/AndroidManifest.xml:138:9-111
	android:theme
		ADDED from byteera/ByteEra/AndroidManifest.xml:138:72-108
	android:name
		ADDED from byteera/ByteEra/AndroidManifest.xml:138:19-71
activity#com.zhicai.byteera.activity.message.ContextMenuActivity
ADDED from byteera/ByteEra/AndroidManifest.xml:139:9-111
	android:theme
		ADDED from byteera/ByteEra/AndroidManifest.xml:139:72-108
	android:name
		ADDED from byteera/ByteEra/AndroidManifest.xml:139:19-71
activity#com.zhicai.byteera.activity.message.GroupDetailsActivity
ADDED from byteera/ByteEra/AndroidManifest.xml:140:9-75
	android:name
		ADDED from byteera/ByteEra/AndroidManifest.xml:140:19-72
activity#com.zhicai.byteera.activity.message.ExitGroupDialog
ADDED from byteera/ByteEra/AndroidManifest.xml:141:9-107
	android:theme
		ADDED from byteera/ByteEra/AndroidManifest.xml:141:68-104
	android:name
		ADDED from byteera/ByteEra/AndroidManifest.xml:141:19-67
activity#com.zhicai.byteera.activity.message.PickContactNoCheckboxActivity
ADDED from byteera/ByteEra/AndroidManifest.xml:142:9-84
	android:name
		ADDED from byteera/ByteEra/AndroidManifest.xml:142:19-81
activity#com.zhicai.byteera.activity.message.GroupPickContactsActivity
ADDED from byteera/ByteEra/AndroidManifest.xml:143:9-80
	android:name
		ADDED from byteera/ByteEra/AndroidManifest.xml:143:19-77
activity#com.zhicai.byteera.activity.message.ShowBigImage
ADDED from byteera/ByteEra/AndroidManifest.xml:144:9-67
	android:name
		ADDED from byteera/ByteEra/AndroidManifest.xml:144:19-64
activity#com.zhicai.byteera.activity.product.ProductDetailActivity
ADDED from byteera/ByteEra/AndroidManifest.xml:146:9-75
	android:name
		ADDED from byteera/ByteEra/AndroidManifest.xml:146:19-73
activity#com.zhicai.byteera.activity.product.JumpWebActivity
ADDED from byteera/ByteEra/AndroidManifest.xml:147:9-69
	android:name
		ADDED from byteera/ByteEra/AndroidManifest.xml:147:19-67
activity#com.zhicai.byteera.activity.initialize.FindPwdActivity
ADDED from byteera/ByteEra/AndroidManifest.xml:148:9-73
	android:name
		ADDED from byteera/ByteEra/AndroidManifest.xml:148:19-70
activity#com.zhicai.byteera.activity.initialize.FindPwdActivity2
ADDED from byteera/ByteEra/AndroidManifest.xml:149:9-74
	android:name
		ADDED from byteera/ByteEra/AndroidManifest.xml:149:19-71
activity#com.zhicai.byteera.activity.community.dynamic.activity.RecommendActivity
ADDED from byteera/ByteEra/AndroidManifest.xml:150:9-91
	android:name
		ADDED from byteera/ByteEra/AndroidManifest.xml:150:19-88
activity#com.zhicai.byteera.activity.knowwealth.view.KnowWealthDetailActivity
ADDED from byteera/ByteEra/AndroidManifest.xml:151:9-87
	android:name
		ADDED from byteera/ByteEra/AndroidManifest.xml:151:19-84
activity#com.zhicai.byteera.activity.message.BaiduMapActivity
ADDED from byteera/ByteEra/AndroidManifest.xml:152:9-71
	android:name
		ADDED from byteera/ByteEra/AndroidManifest.xml:152:19-68
activity#com.zhicai.byteera.activity.message.ForwardMessageActivity
ADDED from byteera/ByteEra/AndroidManifest.xml:153:9-77
	android:name
		ADDED from byteera/ByteEra/AndroidManifest.xml:153:19-74
activity#com.zhicai.byteera.activity.message.SystemMessageActivity
ADDED from byteera/ByteEra/AndroidManifest.xml:154:9-76
	android:name
		ADDED from byteera/ByteEra/AndroidManifest.xml:154:19-73
activity#com.zhicai.byteera.activity.message.SearchResultActivity
ADDED from byteera/ByteEra/AndroidManifest.xml:155:9-75
	android:name
		ADDED from byteera/ByteEra/AndroidManifest.xml:155:19-72
activity#com.zhicai.byteera.activity.message.SearchFriendActivity
ADDED from byteera/ByteEra/AndroidManifest.xml:156:9-75
	android:name
		ADDED from byteera/ByteEra/AndroidManifest.xml:156:19-72
activity#com.zhicai.byteera.activity.message.CollectionActivity
ADDED from byteera/ByteEra/AndroidManifest.xml:157:9-73
	android:name
		ADDED from byteera/ByteEra/AndroidManifest.xml:157:19-70
activity#com.zhicai.byteera.activity.traincamp.DayTaskActivity
ADDED from byteera/ByteEra/AndroidManifest.xml:159:9-72
	android:name
		ADDED from byteera/ByteEra/AndroidManifest.xml:159:19-69
activity#com.zhicai.byteera.activity.traincamp.DailyTaskActivity
ADDED from byteera/ByteEra/AndroidManifest.xml:160:9-74
	android:name
		ADDED from byteera/ByteEra/AndroidManifest.xml:160:19-71
activity#com.zhicai.byteera.activity.traincamp.activity.WealthTaskActivity
ADDED from byteera/ByteEra/AndroidManifest.xml:161:9-84
	android:name
		ADDED from byteera/ByteEra/AndroidManifest.xml:161:19-81
activity#com.zhicai.byteera.activity.traincamp.activity.GuessMissionListActivity
ADDED from byteera/ByteEra/AndroidManifest.xml:162:9-90
	android:name
		ADDED from byteera/ByteEra/AndroidManifest.xml:162:19-87
activity#com.zhicai.byteera.activity.traincamp.activity.GuessGameActivity
ADDED from byteera/ByteEra/AndroidManifest.xml:163:9-83
	android:name
		ADDED from byteera/ByteEra/AndroidManifest.xml:163:19-80
activity#com.zhicai.byteera.activity.traincamp.activity.GuessPicActivity
ADDED from byteera/ByteEra/AndroidManifest.xml:164:9-82
	android:name
		ADDED from byteera/ByteEra/AndroidManifest.xml:164:19-79
activity#com.zhicai.byteera.activity.community.dynamic.adapter.SubjectActivity
ADDED from byteera/ByteEra/AndroidManifest.xml:165:9-88
	android:name
		ADDED from byteera/ByteEra/AndroidManifest.xml:165:19-85
activity#com.zhicai.byteera.activity.community.dynamic.adapter.SubjectDetailActivity
ADDED from byteera/ByteEra/AndroidManifest.xml:166:9-94
	android:name
		ADDED from byteera/ByteEra/AndroidManifest.xml:166:19-91
service#com.zhicai.byteera.activity.traincamp.downloader.DownloadService
ADDED from byteera/ByteEra/AndroidManifest.xml:168:9-82
	android:name
		ADDED from byteera/ByteEra/AndroidManifest.xml:168:18-79
activity#com.zhicai.byteera.activity.traincamp.view.AwardWebView
ADDED from byteera/ByteEra/AndroidManifest.xml:170:9-92
	android:name
		ADDED from byteera/ByteEra/AndroidManifest.xml:170:19-89
activity#com.zhicai.byteera.activity.shouyi.CompaniesListActivity
ADDED from byteera/ByteEra/AndroidManifest.xml:171:9-93
	android:name
		ADDED from byteera/ByteEra/AndroidManifest.xml:171:19-90
receiver#com.zhicai.byteera.commonutil.NetworkReceiver
ADDED from byteera/ByteEra/AndroidManifest.xml:173:9-177:20
	android:name
		ADDED from byteera/ByteEra/AndroidManifest.xml:173:19-61
intent-filter#android.net.conn.CONNECTIVITY_CHANGE
ADDED from byteera/ByteEra/AndroidManifest.xml:174:13-176:29
action#android.net.conn.CONNECTIVITY_CHANGE
ADDED from byteera/ByteEra/AndroidManifest.xml:175:17-78
	android:name
		ADDED from byteera/ByteEra/AndroidManifest.xml:175:25-76
receiver#com.easemob.chat.StartServiceReceiver
ADDED from byteera/ByteEra/AndroidManifest.xml:180:9-186:20
	android:name
		ADDED from byteera/ByteEra/AndroidManifest.xml:180:19-71
intent-filter#android.intent.action.BOOT_COMPLETED+android.intent.action.QUICKBOOT_POWERON+android.intent.category.LAUNCHER
ADDED from byteera/ByteEra/AndroidManifest.xml:181:13-185:29
	android:priority
		ADDED from byteera/ByteEra/AndroidManifest.xml:181:28-51
action#android.intent.action.BOOT_COMPLETED
ADDED from byteera/ByteEra/AndroidManifest.xml:182:17-79
	android:name
		ADDED from byteera/ByteEra/AndroidManifest.xml:182:25-76
action#android.intent.action.QUICKBOOT_POWERON
ADDED from byteera/ByteEra/AndroidManifest.xml:183:17-82
	android:name
		ADDED from byteera/ByteEra/AndroidManifest.xml:183:25-79
meta-data#EASEMOB_APPKEY
ADDED from byteera/ByteEra/AndroidManifest.xml:189:9-191:50
	android:name
		ADDED from byteera/ByteEra/AndroidManifest.xml:190:13-42
	android:value
		ADDED from byteera/ByteEra/AndroidManifest.xml:191:13-47